[15:55:18] [main/INFO]: Loading Minecraft 1.20.4 with Fabric Loader 0.16.3
[15:55:18] [main/INFO]: Loading 62 mods:
	- appleskin 2.5.1+mc1.20.3
	   \-- cloth-config 13.0.114
	        \-- cloth-basic-math 0.6.1
	- cardinal-components 5.4.0
	   |-- cardinal-components-base 5.4.0
	   |-- cardinal-components-block 5.4.0
	   |-- cardinal-components-chunk 5.4.0
	   |-- cardinal-components-entity 5.4.0
	   |-- cardinal-components-item 5.4.0
	   |-- cardinal-components-level 5.4.0
	   |-- cardinal-components-scoreboard 5.4.0
	   \-- cardinal-components-world 5.4.0
	- fabric-api 0.95.4+1.20.4
	   |-- fabric-api-base 0.4.36+78d798af4f
	   |-- fabric-api-lookup-api-v1 1.6.48+82b1bb3e4f
	   |-- fabric-biome-api-v1 13.0.16+78d798af4f
	   |-- fabric-block-api-v1 1.0.16+3e2216cb4f
	   |-- fabric-block-view-api-v2 1.0.4+78d798af4f
	   |-- fabric-blockrenderlayer-v1 1.1.46+78d798af4f
	   |-- fabric-client-tags-api-v1 1.1.7+78d798af4f
	   |-- fabric-command-api-v1 1.2.41+f71b366f4f
	   |-- fabric-command-api-v2 2.2.20+78d798af4f
	   |-- fabric-commands-v0 0.2.58+df3654b34f
	   |-- fabric-containers-v0 0.1.86+df3654b34f
	   |-- fabric-content-registries-v0 5.0.12+78d798af4f
	   |-- fabric-convention-tags-v1 1.5.10+78d798af4f
	   |-- fabric-crash-report-info-v1 0.2.23+78d798af4f
	   |-- fabric-data-attachment-api-v1 1.0.2+25e1b4764f
	   |-- fabric-data-generation-api-v1 13.2.1+5c0133444f
	   |-- fabric-dimensions-v1 2.1.61+78d798af4f
	   |-- fabric-entity-events-v1 1.6.0+44c0f8c64f
	   |-- fabric-events-interaction-v0 0.7.1+389931eb4f
	   |-- fabric-events-lifecycle-v0 0.2.73+df3654b34f
	   |-- fabric-game-rule-api-v1 1.0.46+78d798af4f
	   |-- fabric-item-api-v1 2.2.0+d6f2b0844f
	   |-- fabric-item-group-api-v1 4.0.23+78d798af4f
	   |-- fabric-key-binding-api-v1 1.0.41+78d798af4f
	   |-- fabric-keybindings-v0 0.2.39+df3654b34f
	   |-- fabric-lifecycle-events-v1 2.2.31+eabbae364f
	   |-- fabric-loot-api-v2 2.1.7+78d798af4f
	   |-- fabric-message-api-v1 6.0.5+78d798af4f
	   |-- fabric-mining-level-api-v1 2.1.62+78d798af4f
	   |-- fabric-model-loading-api-v1 1.0.8+78d798af4f
	   |-- fabric-models-v0 0.4.7+9386d8a74f
	   |-- fabric-networking-api-v1 3.1.7+2e5ac5484f
	   |-- fabric-object-builder-api-v1 13.0.11+06274a474f
	   |-- fabric-particles-v1 1.1.7+78d798af4f
	   |-- fabric-recipe-api-v1 2.0.20+78d798af4f
	   |-- fabric-registry-sync-v0 4.0.18+78d798af4f
	   |-- fabric-renderer-api-v1 3.2.4+78d798af4f
	   |-- fabric-renderer-indigo 1.5.4+78d798af4f
	   |-- fabric-renderer-registries-v1 3.2.52+df3654b34f
	   |-- fabric-rendering-data-attachment-v1 0.3.42+73761d2e4f
	   |-- fabric-rendering-fluids-v1 3.0.33+78d798af4f
	   |-- fabric-rendering-v0 1.1.55+df3654b34f
	   |-- fabric-rendering-v1 3.1.0+0d29db764f
	   |-- fabric-resource-conditions-api-v1 2.3.14+78d798af4f
	   |-- fabric-resource-loader-v0 0.11.18+b66dcf784f
	   |-- fabric-screen-api-v1 2.0.17+78d798af4f
	   |-- fabric-screen-handler-api-v1 1.3.55+78d798af4f
	   |-- fabric-sound-api-v1 1.0.17+78d798af4f
	   |-- fabric-transfer-api-v1 4.0.9+e84342304f
	   \-- fabric-transitive-access-wideners-v1 5.0.14+78d798af4f
	- fabricloader 0.16.3
	   \-- mixinextras 0.4.1
	- geckolib 4.4.2
	   \-- com_eliotlash_mclib_mclib 20
	- java 21
	- journeymap 5.9.20
	   \-- journeymap-api-fabric 1.20.2-1.9-fabric-SNAPSHOT
	- minecraft 1.20.4
	- terrablender 3.3.0.12
	   |-- com_electronwill_night-config_core 3.6.7
	   \-- com_electronwill_night-config_toml 3.6.7
	- travelersbackpack 1.20.4-9.4.0
[15:55:18] [main/INFO]: SpongePowered MIXIN Subsystem Version=0.8.7 Source=file:/workspaces/SERVER/servidor_minecraft/libraries/net/fabricmc/sponge-mixin/0.15.2+mixin.0.8.7/sponge-mixin-0.15.2+mixin.0.8.7.jar Service=Knot/Fabric Env=SERVER
[15:55:19] [main/INFO]: Compatibility level set to JAVA_17
[15:55:20] [main/INFO]: Initializing MixinExtras via com.llamalad7.mixinextras.service.MixinExtrasServiceImpl(version=0.4.1).
[15:55:30] [main/INFO]: Initializing ServerSide Packet Registries
[15:55:31] [main/INFO]: Registered the FluidEffect with Unique ID of minecraft:water for minecraft:water 81000 with the ID 0
[15:55:31] [main/INFO]: Registered the FluidEffect with Unique ID of minecraft:lava for minecraft:lava 81000 with the ID 1
[15:55:31] [main/INFO]: Registered the FluidEffect with Unique ID of travelersbackpack:potion for travelersbackpack:potion_still 27000 with the ID 2
[15:55:31] [main/INFO]: Registered the FluidEffect with Unique ID of travelersbackpack:milk for travelersbackpack:milk_still 81000 with the ID 3
[15:55:31] [main/INFO]: Environment: Environment[sessionHost=https://sessionserver.mojang.com, servicesHost=https://api.minecraftservices.com, name=PROD]
[15:55:31] [main/INFO]: Found new data pack fabric, loading it automatically
[15:55:31] [main/INFO]: Found new data pack fabric-convention-tags-v1, loading it automatically
[15:55:31] [main/INFO]: Found new data pack terrablender, loading it automatically
[15:55:31] [main/INFO]: Found new data pack travelersbackpack, loading it automatically
[15:55:34] [main/INFO]: Loaded 7 recipes
[15:55:34] [main/INFO]: Loaded 1459 advancements
[15:55:35] [main/INFO]: Registered region minecraft:overworld to index 0 for type OVERWORLD
[15:55:35] [main/INFO]: Registered region minecraft:nether to index 0 for type NETHER
[15:55:35] [main/INFO]: Initialized TerraBlender biomes for level stem minecraft:overworld
[15:55:35] [main/INFO]: Initialized TerraBlender biomes for level stem minecraft:the_nether
[15:55:35] [main/INFO]: Applied 0 biome modifications to 0 of 65 new biomes in 5.476 ms
[15:55:35] [Server thread/INFO]: Starting minecraft server version 1.20.4
[15:55:35] [Server thread/INFO]: Loading properties
[15:55:35] [Server thread/INFO]: Default game type: SURVIVAL
[15:55:35] [Server thread/INFO]: Generating keypair
[15:55:35] [Server thread/INFO]: Starting Minecraft server on *:25565
[15:55:36] [Server thread/INFO]: Using epoll channel type
[15:55:36] [Server thread/WARN]: **** SERVER IS RUNNING IN OFFLINE/INSECURE MODE!
[15:55:36] [Server thread/WARN]: The server will make no attempt to authenticate usernames. Beware.
[15:55:36] [Server thread/WARN]: While this makes the game possible to play without internet access, it also opens up the ability for hackers to connect with any username they choose.
[15:55:36] [Server thread/WARN]: To change this, set "online-mode" to "true" in the server.properties file.
[15:55:36] [Server thread/INFO]: Preparing level "world"
[15:55:43] [Server thread/INFO]: Preparing start region for dimension minecraft:overworld
[15:55:48] [Worker-Main-1/INFO]: Preparing spawn area: 0%
[15:55:48] [Worker-Main-1/INFO]: Preparing spawn area: 0%
[15:55:48] [Worker-Main-1/INFO]: Preparing spawn area: 0%
[15:55:48] [Worker-Main-1/INFO]: Preparing spawn area: 0%
[15:55:48] [Worker-Main-1/INFO]: Preparing spawn area: 0%
[15:55:48] [Worker-Main-1/INFO]: Preparing spawn area: 0%
[15:55:48] [Worker-Main-1/INFO]: Preparing spawn area: 0%
[15:55:48] [Worker-Main-1/INFO]: Preparing spawn area: 0%
[15:55:48] [Worker-Main-1/INFO]: Preparing spawn area: 0%
[15:55:48] [Worker-Main-1/INFO]: Preparing spawn area: 0%
[15:55:48] [Worker-Main-1/INFO]: Preparing spawn area: 0%
[15:55:49] [Worker-Main-1/INFO]: Preparing spawn area: 0%
[15:55:49] [Worker-Main-1/INFO]: Preparing spawn area: 0%
[15:55:50] [Server thread/INFO]: Time elapsed: 6677 ms
[15:55:50] [Server thread/INFO]: Done (14.108s)! For help, type "help"
[15:55:50] [Server thread/INFO]: global (FirstLoaded) Setting config file to version "5.9.20": journeymap.server.global.config
[15:55:50] [Server thread/INFO]: global (Valid) Creating config file: ./journeymap/server/5.9/journeymap.server.global.config
[15:55:50] [Server thread/INFO]: default (FirstLoaded) Setting config file to version "5.9.20": journeymap.server.default.config
[15:55:50] [Server thread/INFO]: default (Valid) Creating config file: ./journeymap/server/5.9/journeymap.server.default.config
[15:55:50] [Server thread/INFO]: minecraft~overworld (Initialized) Setting config file to version "5.9.20": journeymap.server.minecraft~overworld.config
[15:55:50] [Server thread/INFO]: minecraft~overworld (Valid) Creating config file: ./journeymap/server/5.9/journeymap.server.minecraft~overworld.config
[15:55:50] [Server thread/INFO]: minecraft~the_nether (Initialized) Setting config file to version "5.9.20": journeymap.server.minecraft~the_nether.config
[15:55:50] [Server thread/INFO]: minecraft~the_nether (Valid) Creating config file: ./journeymap/server/5.9/journeymap.server.minecraft~the_nether.config
[15:55:50] [Server thread/INFO]: minecraft~the_end (Initialized) Setting config file to version "5.9.20": journeymap.server.minecraft~the_end.config
[15:55:50] [Server thread/INFO]: minecraft~the_end (Valid) Creating config file: ./journeymap/server/5.9/journeymap.server.minecraft~the_end.config
[15:57:21] [Server thread/INFO]: Unknown or incomplete command, see below for error
[15:57:21] [Server thread/INFO]: <--[HERE]
